# JRE version: Java(TM) SE Runtime Environment (17.0.10+11) (build 17.0.10+11-LTS-240)
# Java VM: Java HotSpot(TM) 64-Bit Server VM (17.0.10+11-LTS-240, mixed mode, emulated-client, sharing, tiered, compressed oops, compressed class ptrs, g1 gc, windows-amd64)
GC Precious Log:
 CPUs: 8 total, 8 available
 Memory: 6058M
 Large Page Support: Disabled
 NUMA Support: Disabled
 Compressed Oops: Enabled (32-bit)
 Heap Region Size: 1M
 Heap Min Capacity: 8M
 Heap Initial Capacity: 96M
 Heap Max Capacity: 1516M
 Pre-touch: Disabled
 Parallel Workers: 8
 Concurrent Workers: 2
 Concurrent Refinement Workers: 8
 Periodic GC: Disabled
Heap:
 garbage-first heap   total 60416K, used 42687K [0x00000000a1400000, 0x0000000100000000)
  region size 1024K, 15 young (15360K), 1 survivors (1024K)
 Metaspace       used 66951K, committed 67904K, reserved 1114112K
  class space    used 9706K, committed 10048K, reserved 1048576K
GC Heap History (20 events):
Event: 14.904 GC heap before
{Heap before GC invocations=13 (full 0):
 garbage-first heap   total 58368K, used 43768K [0x00000000a1400000, 0x0000000100000000)
  region size 1024K, 22 young (22528K), 2 survivors (2048K)
 Metaspace       used 52100K, committed 52608K, reserved 1114112K
  class space    used 7320K, committed 7552K, reserved 1048576K
}
Event: 14.908 GC heap after
{Heap after GC invocations=14 (full 0):
 garbage-first heap   total 58368K, used 25093K [0x00000000a1400000, 0x0000000100000000)
  region size 1024K, 2 young (2048K), 2 survivors (2048K)
 Metaspace       used 52100K, committed 52608K, reserved 1114112K
  class space    used 7320K, committed 7552K, reserved 1048576K
}
Event: 15.699 GC heap before
{Heap before GC invocations=14 (full 0):
 garbage-first heap   total 58368K, used 45573K [0x00000000a1400000, 0x0000000100000000)
  region size 1024K, 22 young (22528K), 2 survivors (2048K)
 Metaspace       used 56484K, committed 57024K, reserved 1114112K
  class space    used 8161K, committed 8448K, reserved 1048576K
}
Event: 15.703 GC heap after
{Heap after GC invocations=15 (full 0):
 garbage-first heap   total 58368K, used 25833K [0x00000000a1400000, 0x0000000100000000)
  region size 1024K, 2 young (2048K), 2 survivors (2048K)
 Metaspace       used 56484K, committed 57024K, reserved 1114112K
  class space    used 8161K, committed 8448K, reserved 1048576K
}
Event: 16.310 GC heap before
{Heap before GC invocations=15 (full 0):
 garbage-first heap   total 58368K, used 43241K [0x00000000a1400000, 0x0000000100000000)
  region size 1024K, 20 young (20480K), 2 survivors (2048K)
 Metaspace       used 59728K, committed 60288K, reserved 1114112K
  class space    used 8672K, committed 8960K, reserved 1048576K
}
Event: 16.316 GC heap after
{Heap after GC invocations=16 (full 0):
 garbage-first heap   total 58368K, used 26351K [0x00000000a1400000, 0x0000000100000000)
  region size 1024K, 3 young (3072K), 3 survivors (3072K)
 Metaspace       used 59728K, committed 60288K, reserved 1114112K
  class space    used 8672K, committed 8960K, reserved 1048576K
}
Event: 20.073 GC heap before
{Heap before GC invocations=17 (full 0):
 garbage-first heap   total 58368K, used 45807K [0x00000000a1400000, 0x0000000100000000)
  region size 1024K, 22 young (22528K), 3 survivors (3072K)
 Metaspace       used 62239K, committed 62848K, reserved 1114112K
  class space    used 9011K, committed 9280K, reserved 1048576K
}
Event: 20.081 GC heap after
{Heap after GC invocations=18 (full 0):
 garbage-first heap   total 58368K, used 27993K [0x00000000a1400000, 0x0000000100000000)
  region size 1024K, 3 young (3072K), 3 survivors (3072K)
 Metaspace       used 62239K, committed 62848K, reserved 1114112K
  class space    used 9011K, committed 9280K, reserved 1048576K
}
Event: 20.693 GC heap before
{Heap before GC invocations=18 (full 0):
 garbage-first heap   total 58368K, used 45401K [0x00000000a1400000, 0x0000000100000000)
  region size 1024K, 21 young (21504K), 3 survivors (3072K)
 Metaspace       used 63809K, committed 64512K, reserved 1114112K
  class space    used 9240K, committed 9600K, reserved 1048576K
}
Event: 20.700 GC heap after
{Heap after GC invocations=19 (full 0):
 garbage-first heap   total 58368K, used 29773K [0x00000000a1400000, 0x0000000100000000)
  region size 1024K, 2 young (2048K), 2 survivors (2048K)
 Metaspace       used 63809K, committed 64512K, reserved 1114112K
  class space    used 9240K, committed 9600K, reserved 1048576K
}
Event: 21.297 GC heap before
{Heap before GC invocations=20 (full 0):
 garbage-first heap   total 58368K, used 47181K [0x00000000a1400000, 0x0000000100000000)
  region size 1024K, 19 young (19456K), 2 survivors (2048K)
 Metaspace       used 66195K, committed 66816K, reserved 1114112K
  class space    used 9610K, committed 9920K, reserved 1048576K
}
Event: 21.302 GC heap after
{Heap after GC invocations=21 (full 0):
 garbage-first heap   total 58368K, used 31352K [0x00000000a1400000, 0x0000000100000000)
  region size 1024K, 2 young (2048K), 2 survivors (2048K)
 Metaspace       used 66195K, committed 66816K, reserved 1114112K
  class space    used 9610K, committed 9920K, reserved 1048576K
}
Event: 91.196 GC heap before
{Heap before GC invocations=21 (full 0):
 garbage-first heap   total 58368K, used 46712K [0x00000000a1400000, 0x0000000100000000)
  region size 1024K, 17 young (17408K), 2 survivors (2048K)
 Metaspace       used 67156K, committed 67840K, reserved 1114112K
  class space    used 9749K, committed 10048K, reserved 1048576K
}
Event: 91.267 GC heap after
{Heap after GC invocations=22 (full 0):
 garbage-first heap   total 58368K, used 32381K [0x00000000a1400000, 0x0000000100000000)
  region size 1024K, 2 young (2048K), 2 survivors (2048K)
 Metaspace       used 67156K, committed 67840K, reserved 1114112K
  class space    used 9749K, committed 10048K, reserved 1048576K
}
Event: 277.646 GC heap before
{Heap before GC invocations=23 (full 0):
 garbage-first heap   total 60416K, used 45693K [0x00000000a1400000, 0x0000000100000000)
  region size 1024K, 15 young (15360K), 2 survivors (2048K)
 Metaspace       used 66777K, committed 67840K, reserved 1114112K
  class space    used 9665K, committed 10048K, reserved 1048576K
}
Event: 277.763 GC heap after
{Heap after GC invocations=24 (full 0):
 garbage-first heap   total 60416K, used 32032K [0x00000000a1400000, 0x0000000100000000)
  region size 1024K, 1 young (1024K), 1 survivors (1024K)
 Metaspace       used 66777K, committed 67840K, reserved 1114112K
  class space    used 9665K, committed 10048K, reserved 1048576K
}
Event: 293.375 GC heap before
{Heap before GC invocations=24 (full 0):
 garbage-first heap   total 60416K, used 33056K [0x00000000a1400000, 0x0000000100000000)
  region size 1024K, 2 young (2048K), 1 survivors (1024K)
 Metaspace       used 66777K, committed 67840K, reserved 1114112K
  class space    used 9665K, committed 10048K, reserved 1048576K
}
Event: 293.459 GC heap after
{Heap after GC invocations=25 (full 0):
 garbage-first heap   total 60416K, used 29927K [0x00000000a1400000, 0x0000000100000000)
  region size 1024K, 1 young (1024K), 1 survivors (1024K)
 Metaspace       used 66777K, committed 67840K, reserved 1114112K
  class space    used 9665K, committed 10048K, reserved 1048576K
}
Event: 307.575 GC heap before
{Heap before GC invocations=25 (full 0):
 garbage-first heap   total 60416K, used 30951K [0x00000000a1400000, 0x0000000100000000)
  region size 1024K, 2 young (2048K), 1 survivors (1024K)
 Metaspace       used 66777K, committed 67840K, reserved 1114112K
  class space    used 9665K, committed 10048K, reserved 1048576K
}
Event: 307.596 GC heap after
{Heap after GC invocations=26 (full 0):
 garbage-first heap   total 60416K, used 29375K [0x00000000a1400000, 0x0000000100000000)
  region size 1024K, 1 young (1024K), 1 survivors (1024K)
 Metaspace       used 66777K, committed 67840K, reserved 1114112K
  class space    used 9665K, committed 10048K, reserved 1048576K
}

